<?xml version="1.0" encoding="UTF-8"?>
<testsuite xmlns:xsi="http://www.w3.org/2001/XMLSchema-instance" xsi:noNamespaceSchemaLocation="https://maven.apache.org/surefire/maven-surefire-plugin/xsd/surefire-test-report-3.0.xsd" version="3.0" name="test.java.IdentifierTest" time="0.089" tests="6" errors="0" skipped="0" failures="0">
  <properties>
[...]
</properties>
  <testcase name="testValidIdentifier_LengthOne" classname="test.java.IdentifierTest" time="0.006"/>
  <testcase name="testInvalidIdentifier_InvalidInnerChar" classname="test.java.IdentifierTest" time="0.0"/>
  <testcase name="testInvalidIdentifier_InvalidFirstChar" classname="test.java.IdentifierTest" time="0.0"/>
  <testcase name="testValid_f" classname="test.java.IdentifierTest" time="0.0"/>
  <testcase name="testInvalidIdentifier_ExceedsLength" classname="test.java.IdentifierTest" time="0.0"/>
  <testcase name="testValidIdentifier_LengthFive" classname="test.java.IdentifierTest" time="0.0"/>
</testsuite>